<?xml version="1.0" encoding="UTF-8"?>
<testng-results skipped="15" failed="0" total="15" passed="0">
  <reporter-output>
  </reporter-output>
  <suite name="Default suite" duration-ms="478" started-at="2019-05-31T09:43:25Z" finished-at="2019-05-31T09:43:25Z">
    <groups>
    </groups>
    <test name="Default test" duration-ms="478" started-at="2019-05-31T09:43:25Z" finished-at="2019-05-31T09:43:25Z">
      <class name="com.TestCases.DataProviderReadExcel">
        <test-method status="FAIL" signature="Setup()[pri:0, instance:com.TestCases.DataProviderReadExcel@4439f31e]" name="Setup" is-config="true" duration-ms="0" started-at="2019-05-31T15:13:09Z" finished-at="2019-05-31T15:13:09Z">
          <exception class="org.openqa.selenium.remote.UnreachableBrowserException">
            <message>
              <![CDATA[Error communicating with the remote browser. It may have died.
Build info: version: '2.53.1', revision: 'a36b8b1', time: '2016-06-30 17:32:46'
System info: host: 'PARESH-PC', ip: '192.168.128.1', os.name: 'Windows 7', os.arch: 'amd64', os.version: '6.1', java.version: '1.8.0_121'
Driver info: driver.version: RemoteWebDriver
Capabilities [{applicationCacheEnabled=true, rotatable=false, handlesAlerts=true, databaseEnabled=true, version=47.0.2, platform=WINDOWS, nativeEvents=false, acceptSslCerts=true, webStorageEnabled=true, locationContextEnabled=true, browserName=firefox, takesScreenshot=true, javascriptEnabled=true, cssSelectorsEnabled=true}]
Session ID: f90516b0-6a59-47b8-9904-a056934b6afe]]>
            </message>
            <full-stacktrace>
              <![CDATA[org.openqa.selenium.remote.UnreachableBrowserException: Error communicating with the remote browser. It may have died.
Build info: version: '2.53.1', revision: 'a36b8b1', time: '2016-06-30 17:32:46'
System info: host: 'PARESH-PC', ip: '192.168.128.1', os.name: 'Windows 7', os.arch: 'amd64', os.version: '6.1', java.version: '1.8.0_121'
Driver info: driver.version: RemoteWebDriver
Capabilities [{applicationCacheEnabled=true, rotatable=false, handlesAlerts=true, databaseEnabled=true, version=47.0.2, platform=WINDOWS, nativeEvents=false, acceptSslCerts=true, webStorageEnabled=true, locationContextEnabled=true, browserName=firefox, takesScreenshot=true, javascriptEnabled=true, cssSelectorsEnabled=true}]
Session ID: f90516b0-6a59-47b8-9904-a056934b6afe
	at org.openqa.selenium.remote.RemoteWebDriver.execute(RemoteWebDriver.java:665)
	at org.openqa.selenium.remote.RemoteWebDriver.get(RemoteWebDriver.java:316)
	at com.TestCases.DataProviderReadExcel.Setup(DataProviderReadExcel.java:236)
	at sun.reflect.NativeMethodAccessorImpl.invoke0(Native Method)
	at sun.reflect.NativeMethodAccessorImpl.invoke(Unknown Source)
	at sun.reflect.DelegatingMethodAccessorImpl.invoke(Unknown Source)
	at java.lang.reflect.Method.invoke(Unknown Source)
	at org.testng.internal.MethodInvocationHelper.invokeMethod(MethodInvocationHelper.java:85)
	at org.testng.internal.Invoker.invokeConfigurationMethod(Invoker.java:510)
	at org.testng.internal.Invoker.invokeConfigurations(Invoker.java:211)
	at org.testng.internal.Invoker.invokeConfigurations(Invoker.java:138)
	at org.testng.SuiteRunner.privateRun(SuiteRunner.java:298)
	at org.testng.SuiteRunner.run(SuiteRunner.java:261)
	at org.testng.SuiteRunnerWorker.runSuite(SuiteRunnerWorker.java:52)
	at org.testng.SuiteRunnerWorker.run(SuiteRunnerWorker.java:86)
	at org.testng.TestNG.runSuitesSequentially(TestNG.java:1215)
	at org.testng.TestNG.runSuitesLocally(TestNG.java:1140)
	at org.testng.TestNG.run(TestNG.java:1048)
	at org.testng.remote.AbstractRemoteTestNG.run(AbstractRemoteTestNG.java:114)
	at org.testng.remote.RemoteTestNG.initAndRun(RemoteTestNG.java:251)
	at org.testng.remote.RemoteTestNG.main(RemoteTestNG.java:77)
Caused by: org.apache.http.conn.HttpHostConnectException: Connect to 127.0.0.1:7055 [/127.0.0.1] failed: Connection refused: connect
	at org.apache.http.impl.conn.DefaultHttpClientConnectionOperator.connect(DefaultHttpClientConnectionOperator.java:151)
	at org.apache.http.impl.conn.PoolingHttpClientConnectionManager.connect(PoolingHttpClientConnectionManager.java:353)
	at org.apache.http.impl.execchain.MainClientExec.establishRoute(MainClientExec.java:380)
	at org.apache.http.impl.execchain.MainClientExec.execute(MainClientExec.java:236)
	at org.apache.http.impl.execchain.ProtocolExec.execute(ProtocolExec.java:184)
	at org.apache.http.impl.execchain.RetryExec.execute(RetryExec.java:88)
	at org.apache.http.impl.execchain.RedirectExec.execute(RedirectExec.java:110)
	at org.apache.http.impl.client.InternalHttpClient.doExecute(InternalHttpClient.java:184)
	at org.apache.http.impl.client.CloseableHttpClient.execute(CloseableHttpClient.java:71)
	at org.apache.http.impl.client.CloseableHttpClient.execute(CloseableHttpClient.java:55)
	at org.openqa.selenium.remote.internal.ApacheHttpClient.fallBackExecute(ApacheHttpClient.java:162)
	at org.openqa.selenium.remote.internal.ApacheHttpClient.execute(ApacheHttpClient.java:90)
	at org.openqa.selenium.remote.HttpCommandExecutor.execute(HttpCommandExecutor.java:142)
	at org.openqa.selenium.firefox.internal.NewProfileExtensionConnection.execute(NewProfileExtensionConnection.java:160)
	at org.openqa.selenium.firefox.FirefoxDriver$LazyCommandExecutor.execute(FirefoxDriver.java:380)
	at org.openqa.selenium.remote.RemoteWebDriver.execute(RemoteWebDriver.java:644)
	... 20 more
Caused by: java.net.ConnectException: Connection refused: connect
	at java.net.DualStackPlainSocketImpl.waitForConnect(Native Method)
	at java.net.DualStackPlainSocketImpl.socketConnect(Unknown Source)
	at java.net.AbstractPlainSocketImpl.doConnect(Unknown Source)
	at java.net.AbstractPlainSocketImpl.connectToAddress(Unknown Source)
	at java.net.AbstractPlainSocketImpl.connect(Unknown Source)
	at java.net.PlainSocketImpl.connect(Unknown Source)
	at java.net.SocksSocketImpl.connect(Unknown Source)
	at java.net.Socket.connect(Unknown Source)
	at org.apache.http.conn.socket.PlainConnectionSocketFactory.connectSocket(PlainConnectionSocketFactory.java:74)
	at org.apache.http.impl.conn.DefaultHttpClientConnectionOperator.connect(DefaultHttpClientConnectionOperator.java:134)
	... 35 more
]]>
            </full-stacktrace>
          </exception> <!-- org.openqa.selenium.remote.UnreachableBrowserException -->
          <reporter-output>
          </reporter-output>
        </test-method> <!-- Setup -->
        <test-method status="SKIP" signature="beforeTest()[pri:0, instance:com.TestCases.DataProviderReadExcel@4439f31e]" name="beforeTest" is-config="true" duration-ms="0" started-at="2019-05-31T15:13:25Z" finished-at="2019-05-31T15:13:25Z">
          <reporter-output>
          </reporter-output>
        </test-method> <!-- beforeTest -->
        <test-method status="SKIP" signature="getLinkName()[pri:0, instance:com.TestCases.DataProviderReadExcel@4439f31e]" name="getLinkName" is-config="true" duration-ms="0" started-at="2019-05-31T15:13:25Z" finished-at="2019-05-31T15:13:25Z">
          <reporter-output>
          </reporter-output>
        </test-method> <!-- getLinkName -->
        <test-method status="SKIP" signature="TestCheckLinks(java.lang.String, java.lang.String)[pri:1, instance:com.TestCases.DataProviderReadExcel@4439f31e]" name="TestCheckLinks" duration-ms="3" started-at="2019-05-31T15:13:25Z" data-provider="dp" finished-at="2019-05-31T15:13:25Z">
          <params>
            <param index="0">
              <value>
                <![CDATA[Home]]>
              </value>
            </param>
            <param index="1">
              <value is-null="true"/>
            </param>
          </params>
          <reporter-output>
          </reporter-output>
        </test-method> <!-- TestCheckLinks -->
        <test-method status="SKIP" signature="TestCheckLinks(java.lang.String, java.lang.String)[pri:1, instance:com.TestCases.DataProviderReadExcel@4439f31e]" name="TestCheckLinks" duration-ms="2" started-at="2019-05-31T15:13:25Z" data-provider="dp" finished-at="2019-05-31T15:13:25Z">
          <params>
            <param index="0">
              <value>
                <![CDATA[About Sir]]>
              </value>
            </param>
            <param index="1">
              <value is-null="true"/>
            </param>
          </params>
          <reporter-output>
          </reporter-output>
        </test-method> <!-- TestCheckLinks -->
        <test-method status="SKIP" signature="TestCheckLinks(java.lang.String, java.lang.String)[pri:1, instance:com.TestCases.DataProviderReadExcel@4439f31e]" name="TestCheckLinks" duration-ms="2" started-at="2019-05-31T15:13:25Z" data-provider="dp" finished-at="2019-05-31T15:13:25Z">
          <params>
            <param index="0">
              <value>
                <![CDATA[Java Syllabus]]>
              </value>
            </param>
            <param index="1">
              <value is-null="true"/>
            </param>
          </params>
          <reporter-output>
          </reporter-output>
        </test-method> <!-- TestCheckLinks -->
        <test-method status="SKIP" signature="TestCheckLinks(java.lang.String, java.lang.String)[pri:1, instance:com.TestCases.DataProviderReadExcel@4439f31e]" name="TestCheckLinks" duration-ms="2" started-at="2019-05-31T15:13:25Z" data-provider="dp" finished-at="2019-05-31T15:13:25Z">
          <params>
            <param index="0">
              <value>
                <![CDATA[Selenium Testing]]>
              </value>
            </param>
            <param index="1">
              <value is-null="true"/>
            </param>
          </params>
          <reporter-output>
          </reporter-output>
        </test-method> <!-- TestCheckLinks -->
        <test-method status="SKIP" signature="TestCheckLinks(java.lang.String, java.lang.String)[pri:1, instance:com.TestCases.DataProviderReadExcel@4439f31e]" name="TestCheckLinks" duration-ms="1" started-at="2019-05-31T15:13:25Z" data-provider="dp" finished-at="2019-05-31T15:13:25Z">
          <params>
            <param index="0">
              <value>
                <![CDATA[Videos]]>
              </value>
            </param>
            <param index="1">
              <value is-null="true"/>
            </param>
          </params>
          <reporter-output>
          </reporter-output>
        </test-method> <!-- TestCheckLinks -->
        <test-method status="SKIP" signature="TestCheckLinks(java.lang.String, java.lang.String)[pri:1, instance:com.TestCases.DataProviderReadExcel@4439f31e]" name="TestCheckLinks" duration-ms="2" started-at="2019-05-31T15:13:25Z" data-provider="dp" finished-at="2019-05-31T15:13:25Z">
          <params>
            <param index="0">
              <value>
                <![CDATA[Services]]>
              </value>
            </param>
            <param index="1">
              <value is-null="true"/>
            </param>
          </params>
          <reporter-output>
          </reporter-output>
        </test-method> <!-- TestCheckLinks -->
        <test-method status="SKIP" signature="TestCheckLinks(java.lang.String, java.lang.String)[pri:1, instance:com.TestCases.DataProviderReadExcel@4439f31e]" name="TestCheckLinks" duration-ms="2" started-at="2019-05-31T15:13:25Z" data-provider="dp" finished-at="2019-05-31T15:13:25Z">
          <params>
            <param index="0">
              <value>
                <![CDATA[Careers]]>
              </value>
            </param>
            <param index="1">
              <value is-null="true"/>
            </param>
          </params>
          <reporter-output>
          </reporter-output>
        </test-method> <!-- TestCheckLinks -->
        <test-method status="SKIP" signature="TestCheckLinks(java.lang.String, java.lang.String)[pri:1, instance:com.TestCases.DataProviderReadExcel@4439f31e]" name="TestCheckLinks" duration-ms="1" started-at="2019-05-31T15:13:25Z" data-provider="dp" finished-at="2019-05-31T15:13:25Z">
          <params>
            <param index="0">
              <value>
                <![CDATA[Gallery]]>
              </value>
            </param>
            <param index="1">
              <value is-null="true"/>
            </param>
          </params>
          <reporter-output>
          </reporter-output>
        </test-method> <!-- TestCheckLinks -->
        <test-method status="SKIP" signature="TestCheckLinks(java.lang.String, java.lang.String)[pri:1, instance:com.TestCases.DataProviderReadExcel@4439f31e]" name="TestCheckLinks" duration-ms="2" started-at="2019-05-31T15:13:25Z" data-provider="dp" finished-at="2019-05-31T15:13:25Z">
          <params>
            <param index="0">
              <value>
                <![CDATA[My Book]]>
              </value>
            </param>
            <param index="1">
              <value is-null="true"/>
            </param>
          </params>
          <reporter-output>
          </reporter-output>
        </test-method> <!-- TestCheckLinks -->
        <test-method status="SKIP" signature="TestCheckLinks(java.lang.String, java.lang.String)[pri:1, instance:com.TestCases.DataProviderReadExcel@4439f31e]" name="TestCheckLinks" duration-ms="1" started-at="2019-05-31T15:13:25Z" data-provider="dp" finished-at="2019-05-31T15:13:25Z">
          <params>
            <param index="0">
              <value>
                <![CDATA[Old Student Feedback]]>
              </value>
            </param>
            <param index="1">
              <value is-null="true"/>
            </param>
          </params>
          <reporter-output>
          </reporter-output>
        </test-method> <!-- TestCheckLinks -->
        <test-method status="SKIP" signature="TestCheckLinks(java.lang.String, java.lang.String)[pri:1, instance:com.TestCases.DataProviderReadExcel@4439f31e]" name="TestCheckLinks" duration-ms="2" started-at="2019-05-31T15:13:25Z" data-provider="dp" finished-at="2019-05-31T15:13:25Z">
          <params>
            <param index="0">
              <value>
                <![CDATA[Class Room Examples]]>
              </value>
            </param>
            <param index="1">
              <value is-null="true"/>
            </param>
          </params>
          <reporter-output>
          </reporter-output>
        </test-method> <!-- TestCheckLinks -->
        <test-method status="SKIP" signature="TestCheckLinks(java.lang.String, java.lang.String)[pri:1, instance:com.TestCases.DataProviderReadExcel@4439f31e]" name="TestCheckLinks" duration-ms="1" started-at="2019-05-31T15:13:25Z" data-provider="dp" finished-at="2019-05-31T15:13:25Z">
          <params>
            <param index="0">
              <value>
                <![CDATA[Contact]]>
              </value>
            </param>
            <param index="1">
              <value is-null="true"/>
            </param>
          </params>
          <reporter-output>
          </reporter-output>
        </test-method> <!-- TestCheckLinks -->
        <test-method status="SKIP" signature="TestCheckLinks(java.lang.String, java.lang.String)[pri:1, instance:com.TestCases.DataProviderReadExcel@4439f31e]" name="TestCheckLinks" duration-ms="2" started-at="2019-05-31T15:13:25Z" data-provider="dp" finished-at="2019-05-31T15:13:25Z">
          <params>
            <param index="0">
              <value>
                <![CDATA[Interview Questions]]>
              </value>
            </param>
            <param index="1">
              <value is-null="true"/>
            </param>
          </params>
          <reporter-output>
          </reporter-output>
        </test-method> <!-- TestCheckLinks -->
        <test-method status="SKIP" signature="TestCheckLinks(java.lang.String, java.lang.String)[pri:1, instance:com.TestCases.DataProviderReadExcel@4439f31e]" name="TestCheckLinks" duration-ms="11" started-at="2019-05-31T15:13:25Z" data-provider="dp" finished-at="2019-05-31T15:13:25Z">
          <params>
            <param index="0">
              <value>
                <![CDATA[Tutorials]]>
              </value>
            </param>
            <param index="1">
              <value is-null="true"/>
            </param>
          </params>
          <reporter-output>
          </reporter-output>
        </test-method> <!-- TestCheckLinks -->
        <test-method status="SKIP" signature="TestCheckLinks(java.lang.String, java.lang.String)[pri:1, instance:com.TestCases.DataProviderReadExcel@4439f31e]" name="TestCheckLinks" duration-ms="2" started-at="2019-05-31T15:13:25Z" data-provider="dp" finished-at="2019-05-31T15:13:25Z">
          <params>
            <param index="0">
              <value>
                <![CDATA[Corporate Training]]>
              </value>
            </param>
            <param index="1">
              <value is-null="true"/>
            </param>
          </params>
          <reporter-output>
          </reporter-output>
        </test-method> <!-- TestCheckLinks -->
        <test-method status="SKIP" signature="afterSuite()[pri:0, instance:com.TestCases.DataProviderReadExcel@4439f31e]" name="afterSuite" is-config="true" duration-ms="0" started-at="2019-05-31T15:13:25Z" finished-at="2019-05-31T15:13:25Z">
          <reporter-output>
          </reporter-output>
        </test-method> <!-- afterSuite -->
      </class> <!-- com.TestCases.DataProviderReadExcel -->
    </test> <!-- Default test -->
  </suite> <!-- Default suite -->
</testng-results>
